<?xml version="1.0" encoding="UTF-8"?>
<!-- Generated by org.testng.reporters.JUnitReportReporter -->
<testsuite hostname="DESKTOP-SS4RDQI" failures="0" tests="1" name="SanityTests.electronDemo" time="0.306" errors="0" timestamp="22 Oct 2020 18:49:25 GMT" skipped="0">
  <testcase classname="SanityTests.electronDemo" name="test01_appLocation" time="0.306"/>
</testsuite> <!-- SanityTests.electronDemo -->
