<?xml version="1.0" encoding="UTF-8"?>
<!-- Generated by org.testng.reporters.JUnitReportReporter -->
<testsuite hostname="DESKTOP-SS4RDQI" failures="0" tests="4" name="SanityTests.grafanaApi" time="2.174" errors="0" timestamp="22 Oct 2020 19:39:29 GMT" skipped="0">
  <testcase classname="SanityTests.grafanaApi" name="test03_update" time="0.234"/>
  <testcase classname="SanityTests.grafanaApi" name="test02_addTeamAndVerify" time="0.176"/>
  <testcase classname="SanityTests.grafanaApi" name="test04_update" time="0.175"/>
  <testcase classname="SanityTests.grafanaApi" name="test01_getTeam" time="1.589"/>
</testsuite> <!-- SanityTests.grafanaApi -->
