<?xml version="1.0" encoding="UTF-8"?>
<!-- Generated by org.testng.reporters.JUnitReportReporter -->
<testsuite hostname="DESKTOP-SS4RDQI" failures="0" tests="1" name="SanityTests.sauceWebDB" time="1.367" errors="0" timestamp="22 Oct 2020 19:08:18 GMT" skipped="0">
  <testcase classname="SanityTests.sauceWebDB" name="test01_DB" time="1.367"/>
</testsuite> <!-- SanityTests.sauceWebDB -->
