<?xml version="1.0" encoding="UTF-8"?>
<!-- Generated by org.testng.reporters.JUnitReportReporter -->
<testsuite hostname="DESKTOP-SS4RDQI" failures="0" tests="1" name="SanityTests.calculatorDeskTop" time="2.532" errors="0" timestamp="22 Oct 2020 18:50:30 GMT" skipped="0">
  <testcase classname="SanityTests.calculatorDeskTop" name="test01_multiplication" time="2.532"/>
</testsuite> <!-- SanityTests.calculatorDeskTop -->
